2021-01-11 15:35:00.836  INFO 17920 --- [main] g.s.s.waiter.WaiterServiceApplication    : Starting WaiterServiceApplication on DLC0005TMHJK2D with PID 17920 (started by qi.b.yang in C:\Git_hub\geektime-spring-family\Chapter 6\springbucks)
2021-01-11 15:35:00.845  INFO 17920 --- [main] g.s.s.waiter.WaiterServiceApplication    : No active profile set, falling back to default profiles: default
2021-01-11 15:35:02.291  INFO 17920 --- [main] .s.d.r.c.RepositoryConfigurationDelegate : Bootstrapping Spring Data repositories in DEFAULT mode.
2021-01-11 15:35:02.467  INFO 17920 --- [main] .s.d.r.c.RepositoryConfigurationDelegate : Finished Spring Data repository scanning in 158ms. Found 2 repository interfaces.
2021-01-11 15:35:03.290  INFO 17920 --- [main] trationDelegate$BeanPostProcessorChecker : Bean 'org.springframework.transaction.annotation.ProxyTransactionManagementConfiguration' of type [org.springframework.transaction.annotation.ProxyTransactionManagementConfiguration$$EnhancerBySpringCGLIB$$eb3e7449] is not eligible for getting processed by all BeanPostProcessors (for example: not eligible for auto-proxying)
2021-01-11 15:35:04.298  INFO 17920 --- [main] o.s.b.w.embedded.tomcat.TomcatWebServer  : Tomcat initialized with port(s): 8080 (http)
2021-01-11 15:35:04.346  INFO 17920 --- [main] o.apache.catalina.core.StandardService   : Starting service [Tomcat]
2021-01-11 15:35:04.347  INFO 17920 --- [main] org.apache.catalina.core.StandardEngine  : Starting Servlet engine: [Apache Tomcat/9.0.16]
2021-01-11 15:35:04.361  INFO 17920 --- [main] o.a.catalina.core.AprLifecycleListener   : The APR based Apache Tomcat Native library which allows optimal performance in production environments was not found on the java.library.path: [C:\Program Files (x86)\Java\zulu8.50.0.51-ca-jdk8.0.275-win_x64\bin;C:\windows\Sun\Java\bin;C:\windows\system32;C:\windows;C:\Program Files (x86)\Common Files\Oracle\Java\javapath;C:\windows\system32;C:\windows;C:\windows\System32\Wbem;C:\windows\System32\WindowsPowerShell\v1.0\;C:\windows\System32\OpenSSH\;C:\Program Files (x86)\Symantec\VIP Access Client\;C:\maven\apache-maven-3.6.3\bin\;C:\Program Files (x86)\Java\zulu8.50.0.51-ca-jdk8.0.275-win_x64\bin\;;C:\Program Files\Docker\Docker\resources\bin;C:\ProgramData\DockerDesktop\version-bin;C:\Users\qi.b.yang\AppData\Local\Microsoft\WindowsApps;C:\Users\qi.b.yang\AppData\Local\Programs\Git\cmd;.]
2021-01-11 15:35:04.682  INFO 17920 --- [main] o.a.c.c.C.[Tomcat].[localhost].[/]       : Initializing Spring embedded WebApplicationContext
2021-01-11 15:35:04.682  INFO 17920 --- [main] o.s.web.context.ContextLoader            : Root WebApplicationContext: initialization completed in 3598 ms
2021-01-11 15:35:04.935  INFO 17920 --- [main] com.zaxxer.hikari.HikariDataSource       : HikariPool-1 - Starting...
2021-01-11 15:35:05.593  INFO 17920 --- [main] com.zaxxer.hikari.HikariDataSource       : HikariPool-1 - Start completed.
2021-01-11 15:35:05.968  INFO 17920 --- [main] o.hibernate.jpa.internal.util.LogHelper  : HHH000204: Processing PersistenceUnitInfo [
	name: default
	...]
2021-01-11 15:35:06.378  INFO 17920 --- [main] org.hibernate.Version                    : HHH000412: Hibernate Core {5.3.7.Final}
2021-01-11 15:35:06.390  INFO 17920 --- [main] org.hibernate.cfg.Environment            : HHH000206: hibernate.properties not found
2021-01-11 15:35:06.826  INFO 17920 --- [main] o.hibernate.annotations.common.Version   : HCANN000001: Hibernate Commons Annotations {5.0.4.Final}
2021-01-11 15:35:07.130  INFO 17920 --- [main] org.hibernate.dialect.Dialect            : HHH000400: Using dialect: org.hibernate.dialect.MySQL5Dialect
2021-01-11 15:35:08.540  INFO 17920 --- [main] j.LocalContainerEntityManagerFactoryBean : Initialized JPA EntityManagerFactory for persistence unit 'default'
2021-01-11 15:35:10.061  INFO 17920 --- [main] o.s.s.concurrent.ThreadPoolTaskExecutor  : Initializing ExecutorService 'applicationTaskExecutor'
2021-01-11 15:35:10.162  WARN 17920 --- [main] aWebConfiguration$JpaWebMvcConfiguration : spring.jpa.open-in-view is enabled by default. Therefore, database queries may be performed during view rendering. Explicitly configure spring.jpa.open-in-view to disable this warning
2021-01-11 15:35:10.540  INFO 17920 --- [main] o.s.b.w.embedded.tomcat.TomcatWebServer  : Tomcat started on port(s): 8080 (http) with context path ''
2021-01-11 15:35:10.543  INFO 17920 --- [main] g.s.s.waiter.WaiterServiceApplication    : Started WaiterServiceApplication in 10.756 seconds (JVM running for 12.47)
2021-01-11 15:35:31.116  INFO 17920 --- [http-nio-8080-exec-1] o.a.c.c.C.[Tomcat].[localhost].[/]       : Initializing Spring DispatcherServlet 'dispatcherServlet'
2021-01-11 15:35:31.116  INFO 17920 --- [http-nio-8080-exec-1] o.s.web.servlet.DispatcherServlet        : Initializing Servlet 'dispatcherServlet'
2021-01-11 15:35:31.133  INFO 17920 --- [http-nio-8080-exec-1] o.s.web.servlet.DispatcherServlet        : Completed initialization in 17 ms
2021-01-11 15:35:31.282  INFO 17920 --- [http-nio-8080-exec-1] o.h.h.i.QueryTranslatorFactoryInitiator  : HHH000397: Using ASTQueryTranslatorFactory
2021-01-11 15:35:31.711  INFO 17920 --- [http-nio-8080-exec-1] g.s.s.w.c.PerformanceInteceptor          : /coffee/;geektime.spring.springbucks.waiter.controller.CoffeeController.getAll;200;-;541ms;538ms;3ms
2021-01-11 15:40:09.535  INFO 19160 --- [main] g.s.s.waiter.WaiterServiceApplication    : Starting WaiterServiceApplication on DLC0005TMHJK2D with PID 19160 (started by qi.b.yang in C:\Git_hub\geektime-spring-family\Chapter 6\springbucks)
2021-01-11 15:40:09.541  INFO 19160 --- [main] g.s.s.waiter.WaiterServiceApplication    : No active profile set, falling back to default profiles: default
2021-01-11 15:40:21.057  INFO 19160 --- [main] .s.d.r.c.RepositoryConfigurationDelegate : Bootstrapping Spring Data repositories in DEFAULT mode.
2021-01-11 15:40:21.237  INFO 19160 --- [main] .s.d.r.c.RepositoryConfigurationDelegate : Finished Spring Data repository scanning in 155ms. Found 2 repository interfaces.
2021-01-11 15:40:22.344  INFO 19160 --- [main] trationDelegate$BeanPostProcessorChecker : Bean 'org.springframework.transaction.annotation.ProxyTransactionManagementConfiguration' of type [org.springframework.transaction.annotation.ProxyTransactionManagementConfiguration$$EnhancerBySpringCGLIB$$71e454e6] is not eligible for getting processed by all BeanPostProcessors (for example: not eligible for auto-proxying)
2021-01-11 15:40:23.344  INFO 19160 --- [main] o.s.b.w.embedded.tomcat.TomcatWebServer  : Tomcat initialized with port(s): 8080 (http)
2021-01-11 15:40:23.404  INFO 19160 --- [main] o.apache.catalina.core.StandardService   : Starting service [Tomcat]
2021-01-11 15:40:23.405  INFO 19160 --- [main] org.apache.catalina.core.StandardEngine  : Starting Servlet engine: [Apache Tomcat/9.0.16]
2021-01-11 15:40:23.425  INFO 19160 --- [main] o.a.catalina.core.AprLifecycleListener   : The APR based Apache Tomcat Native library which allows optimal performance in production environments was not found on the java.library.path: [C:\Program Files (x86)\Java\zulu8.50.0.51-ca-jdk8.0.275-win_x64\bin;C:\windows\Sun\Java\bin;C:\windows\system32;C:\windows;C:\Program Files (x86)\Common Files\Oracle\Java\javapath;C:\windows\system32;C:\windows;C:\windows\System32\Wbem;C:\windows\System32\WindowsPowerShell\v1.0\;C:\windows\System32\OpenSSH\;C:\Program Files (x86)\Symantec\VIP Access Client\;C:\maven\apache-maven-3.6.3\bin\;C:\Program Files (x86)\Java\zulu8.50.0.51-ca-jdk8.0.275-win_x64\bin\;;C:\Program Files\Docker\Docker\resources\bin;C:\ProgramData\DockerDesktop\version-bin;C:\Users\qi.b.yang\AppData\Local\Microsoft\WindowsApps;C:\Users\qi.b.yang\AppData\Local\Programs\Git\cmd;.]
2021-01-11 15:40:23.796  INFO 19160 --- [main] o.a.c.c.C.[Tomcat].[localhost].[/]       : Initializing Spring embedded WebApplicationContext
2021-01-11 15:40:23.796  INFO 19160 --- [main] o.s.web.context.ContextLoader            : Root WebApplicationContext: initialization completed in 14055 ms
2021-01-11 15:40:24.199  INFO 19160 --- [main] com.zaxxer.hikari.HikariDataSource       : HikariPool-1 - Starting...
2021-01-11 15:40:24.859  INFO 19160 --- [main] com.zaxxer.hikari.HikariDataSource       : HikariPool-1 - Start completed.
2021-01-11 15:40:25.151  INFO 19160 --- [main] o.hibernate.jpa.internal.util.LogHelper  : HHH000204: Processing PersistenceUnitInfo [
	name: default
	...]
2021-01-11 15:40:25.607  INFO 19160 --- [main] org.hibernate.Version                    : HHH000412: Hibernate Core {5.3.7.Final}
2021-01-11 15:40:25.612  INFO 19160 --- [main] org.hibernate.cfg.Environment            : HHH000206: hibernate.properties not found
2021-01-11 15:40:26.237  INFO 19160 --- [main] o.hibernate.annotations.common.Version   : HCANN000001: Hibernate Commons Annotations {5.0.4.Final}
2021-01-11 15:40:26.764  INFO 19160 --- [main] org.hibernate.dialect.Dialect            : HHH000400: Using dialect: org.hibernate.dialect.MySQL5Dialect
2021-01-11 15:40:28.401  INFO 19160 --- [main] j.LocalContainerEntityManagerFactoryBean : Initialized JPA EntityManagerFactory for persistence unit 'default'
2021-01-11 15:40:29.829  INFO 19160 --- [main] o.s.s.concurrent.ThreadPoolTaskExecutor  : Initializing ExecutorService 'applicationTaskExecutor'
2021-01-11 15:40:29.939  WARN 19160 --- [main] aWebConfiguration$JpaWebMvcConfiguration : spring.jpa.open-in-view is enabled by default. Therefore, database queries may be performed during view rendering. Explicitly configure spring.jpa.open-in-view to disable this warning
2021-01-11 15:40:30.345  INFO 19160 --- [main] o.s.b.w.embedded.tomcat.TomcatWebServer  : Tomcat started on port(s): 8080 (http) with context path ''
2021-01-11 15:40:30.350  INFO 19160 --- [main] g.s.s.waiter.WaiterServiceApplication    : Started WaiterServiceApplication in 21.908 seconds (JVM running for 23.989)
2021-01-11 15:40:30.446  INFO 19160 --- [http-nio-8080-exec-1] o.a.c.c.C.[Tomcat].[localhost].[/]       : Initializing Spring DispatcherServlet 'dispatcherServlet'
2021-01-11 15:40:30.448  INFO 19160 --- [http-nio-8080-exec-1] o.s.web.servlet.DispatcherServlet        : Initializing Servlet 'dispatcherServlet'
2021-01-11 15:40:30.462  INFO 19160 --- [http-nio-8080-exec-1] o.s.web.servlet.DispatcherServlet        : Completed initialization in 14 ms
2021-01-11 15:40:30.621  INFO 19160 --- [http-nio-8080-exec-1] g.s.s.w.controller.CoffeeController      : Coffee Coffee(super=BaseEntity(id=1, createTime=2021-01-11 13:11:50.0, updateTime=2021-01-11 13:11:50.0), name=espresso, price=CNY 20.00):
2021-01-11 15:40:30.975  INFO 19160 --- [http-nio-8080-exec-1] g.s.s.w.c.PerformanceInteceptor          : /coffee/1/;geektime.spring.springbucks.waiter.controller.CoffeeController.getById;200;-;475ms;470ms;5ms
2021-01-11 16:15:09.763  INFO 9928 --- [main] g.s.s.waiter.WaiterServiceApplication    : Starting WaiterServiceApplication on DLC0005TMHJK2D with PID 9928 (started by qi.b.yang in C:\Git_hub\geektime-spring-family\Chapter 6\springbucks)
2021-01-11 16:15:09.768  INFO 9928 --- [main] g.s.s.waiter.WaiterServiceApplication    : No active profile set, falling back to default profiles: default
2021-01-11 16:15:10.900  INFO 9928 --- [main] .s.d.r.c.RepositoryConfigurationDelegate : Bootstrapping Spring Data repositories in DEFAULT mode.
2021-01-11 16:15:11.026  INFO 9928 --- [main] .s.d.r.c.RepositoryConfigurationDelegate : Finished Spring Data repository scanning in 114ms. Found 2 repository interfaces.
2021-01-11 16:15:12.029  INFO 9928 --- [main] trationDelegate$BeanPostProcessorChecker : Bean 'org.springframework.transaction.annotation.ProxyTransactionManagementConfiguration' of type [org.springframework.transaction.annotation.ProxyTransactionManagementConfiguration$$EnhancerBySpringCGLIB$$cd9f6485] is not eligible for getting processed by all BeanPostProcessors (for example: not eligible for auto-proxying)
2021-01-11 16:15:13.355  INFO 9928 --- [main] o.s.b.w.embedded.tomcat.TomcatWebServer  : Tomcat initialized with port(s): 8080 (http)
2021-01-11 16:15:13.397  INFO 9928 --- [main] o.apache.catalina.core.StandardService   : Starting service [Tomcat]
2021-01-11 16:15:13.398  INFO 9928 --- [main] org.apache.catalina.core.StandardEngine  : Starting Servlet engine: [Apache Tomcat/9.0.16]
2021-01-11 16:15:13.418  INFO 9928 --- [main] o.a.catalina.core.AprLifecycleListener   : The APR based Apache Tomcat Native library which allows optimal performance in production environments was not found on the java.library.path: [C:\Program Files (x86)\Java\zulu8.50.0.51-ca-jdk8.0.275-win_x64\bin;C:\windows\Sun\Java\bin;C:\windows\system32;C:\windows;C:\Program Files (x86)\Common Files\Oracle\Java\javapath;C:\windows\system32;C:\windows;C:\windows\System32\Wbem;C:\windows\System32\WindowsPowerShell\v1.0\;C:\windows\System32\OpenSSH\;C:\Program Files (x86)\Symantec\VIP Access Client\;C:\maven\apache-maven-3.6.3\bin\;C:\Program Files (x86)\Java\zulu8.50.0.51-ca-jdk8.0.275-win_x64\bin\;;C:\Program Files\Docker\Docker\resources\bin;C:\ProgramData\DockerDesktop\version-bin;C:\Users\qi.b.yang\AppData\Local\Microsoft\WindowsApps;C:\Users\qi.b.yang\AppData\Local\Programs\Git\cmd;.]
2021-01-11 16:15:13.767  INFO 9928 --- [main] o.a.c.c.C.[Tomcat].[localhost].[/]       : Initializing Spring embedded WebApplicationContext
2021-01-11 16:15:13.767  INFO 9928 --- [main] o.s.web.context.ContextLoader            : Root WebApplicationContext: initialization completed in 3907 ms
2021-01-11 16:15:14.030  INFO 9928 --- [main] com.zaxxer.hikari.HikariDataSource       : HikariPool-1 - Starting...
2021-01-11 16:15:14.696  INFO 9928 --- [main] com.zaxxer.hikari.HikariDataSource       : HikariPool-1 - Start completed.
2021-01-11 16:15:14.996  INFO 9928 --- [main] o.hibernate.jpa.internal.util.LogHelper  : HHH000204: Processing PersistenceUnitInfo [
	name: default
	...]
2021-01-11 16:15:15.435  INFO 9928 --- [main] org.hibernate.Version                    : HHH000412: Hibernate Core {5.3.7.Final}
2021-01-11 16:15:15.440  INFO 9928 --- [main] org.hibernate.cfg.Environment            : HHH000206: hibernate.properties not found
2021-01-11 16:15:15.805  INFO 9928 --- [main] o.hibernate.annotations.common.Version   : HCANN000001: Hibernate Commons Annotations {5.0.4.Final}
2021-01-11 16:15:16.210  INFO 9928 --- [main] org.hibernate.dialect.Dialect            : HHH000400: Using dialect: org.hibernate.dialect.MySQL5Dialect
2021-01-11 16:15:17.822  INFO 9928 --- [main] j.LocalContainerEntityManagerFactoryBean : Initialized JPA EntityManagerFactory for persistence unit 'default'
2021-01-11 16:15:19.273  INFO 9928 --- [main] o.s.s.concurrent.ThreadPoolTaskExecutor  : Initializing ExecutorService 'applicationTaskExecutor'
2021-01-11 16:15:19.388  WARN 9928 --- [main] aWebConfiguration$JpaWebMvcConfiguration : spring.jpa.open-in-view is enabled by default. Therefore, database queries may be performed during view rendering. Explicitly configure spring.jpa.open-in-view to disable this warning
2021-01-11 16:15:19.801  INFO 9928 --- [main] o.s.b.w.embedded.tomcat.TomcatWebServer  : Tomcat started on port(s): 8080 (http) with context path ''
2021-01-11 16:15:19.803  INFO 9928 --- [main] g.s.s.waiter.WaiterServiceApplication    : Started WaiterServiceApplication in 20.963 seconds (JVM running for 22.907)
2021-01-11 16:15:35.791  INFO 9928 --- [http-nio-8080-exec-1] o.a.c.c.C.[Tomcat].[localhost].[/]       : Initializing Spring DispatcherServlet 'dispatcherServlet'
2021-01-11 16:15:35.792  INFO 9928 --- [http-nio-8080-exec-1] o.s.web.servlet.DispatcherServlet        : Initializing Servlet 'dispatcherServlet'
2021-01-11 16:15:35.810  INFO 9928 --- [http-nio-8080-exec-1] o.s.web.servlet.DispatcherServlet        : Completed initialization in 18 ms
2021-01-11 16:15:35.968  INFO 9928 --- [http-nio-8080-exec-1] g.s.s.w.controller.CoffeeController      : Coffee Coffee(super=BaseEntity(id=1, createTime=2021-01-11 13:11:50.0, updateTime=2021-01-11 13:11:50.0), name=espresso, price=CNY 20.00):
2021-01-11 16:15:36.336  INFO 9928 --- [http-nio-8080-exec-1] g.s.s.w.c.PerformanceInteceptor          : /coffee/1/;geektime.spring.springbucks.waiter.controller.CoffeeController.getById;200;-;482ms;480ms;2ms
2021-01-11 16:15:38.181  INFO 9928 --- [http-nio-8080-exec-2] g.s.s.w.controller.CoffeeController      : Coffee Coffee(super=BaseEntity(id=1, createTime=2021-01-11 13:11:50.0, updateTime=2021-01-11 13:11:50.0), name=espresso, price=CNY 20.00):
2021-01-11 16:15:38.189  INFO 9928 --- [http-nio-8080-exec-2] g.s.s.w.c.PerformanceInteceptor          : /coffee/1/;geektime.spring.springbucks.waiter.controller.CoffeeController.getById;200;-;26ms;26ms;0ms
2021-01-11 16:16:35.112  INFO 17364 --- [main] g.s.s.waiter.WaiterServiceApplication    : Starting WaiterServiceApplication on DLC0005TMHJK2D with PID 17364 (started by qi.b.yang in C:\Git_hub\geektime-spring-family\Chapter 6\springbucks)
2021-01-11 16:16:35.118  INFO 17364 --- [main] g.s.s.waiter.WaiterServiceApplication    : No active profile set, falling back to default profiles: default
2021-01-11 16:16:36.642  INFO 17364 --- [main] .s.d.r.c.RepositoryConfigurationDelegate : Bootstrapping Spring Data repositories in DEFAULT mode.
2021-01-11 16:16:36.816  INFO 17364 --- [main] .s.d.r.c.RepositoryConfigurationDelegate : Finished Spring Data repository scanning in 155ms. Found 2 repository interfaces.
2021-01-11 16:16:37.957  INFO 17364 --- [main] trationDelegate$BeanPostProcessorChecker : Bean 'org.springframework.transaction.annotation.ProxyTransactionManagementConfiguration' of type [org.springframework.transaction.annotation.ProxyTransactionManagementConfiguration$$EnhancerBySpringCGLIB$$8cb5c2bc] is not eligible for getting processed by all BeanPostProcessors (for example: not eligible for auto-proxying)
2021-01-11 16:16:39.315  INFO 17364 --- [main] o.s.b.w.embedded.tomcat.TomcatWebServer  : Tomcat initialized with port(s): 8080 (http)
2021-01-11 16:16:39.369  INFO 17364 --- [main] o.apache.catalina.core.StandardService   : Starting service [Tomcat]
2021-01-11 16:16:39.370  INFO 17364 --- [main] org.apache.catalina.core.StandardEngine  : Starting Servlet engine: [Apache Tomcat/9.0.16]
2021-01-11 16:16:39.407  INFO 17364 --- [main] o.a.catalina.core.AprLifecycleListener   : The APR based Apache Tomcat Native library which allows optimal performance in production environments was not found on the java.library.path: [C:\Program Files (x86)\Java\zulu8.50.0.51-ca-jdk8.0.275-win_x64\bin;C:\windows\Sun\Java\bin;C:\windows\system32;C:\windows;C:\Program Files (x86)\Common Files\Oracle\Java\javapath;C:\windows\system32;C:\windows;C:\windows\System32\Wbem;C:\windows\System32\WindowsPowerShell\v1.0\;C:\windows\System32\OpenSSH\;C:\Program Files (x86)\Symantec\VIP Access Client\;C:\maven\apache-maven-3.6.3\bin\;C:\Program Files (x86)\Java\zulu8.50.0.51-ca-jdk8.0.275-win_x64\bin\;;C:\Program Files\Docker\Docker\resources\bin;C:\ProgramData\DockerDesktop\version-bin;C:\Users\qi.b.yang\AppData\Local\Microsoft\WindowsApps;C:\Users\qi.b.yang\AppData\Local\Programs\Git\cmd;.]
2021-01-11 16:16:39.757  INFO 17364 --- [main] o.a.c.c.C.[Tomcat].[localhost].[/]       : Initializing Spring embedded WebApplicationContext
2021-01-11 16:16:39.757  INFO 17364 --- [main] o.s.web.context.ContextLoader            : Root WebApplicationContext: initialization completed in 4403 ms
2021-01-11 16:16:40.114  INFO 17364 --- [main] com.zaxxer.hikari.HikariDataSource       : HikariPool-1 - Starting...
2021-01-11 16:16:40.902  INFO 17364 --- [main] com.zaxxer.hikari.HikariDataSource       : HikariPool-1 - Start completed.
2021-01-11 16:16:41.144  INFO 17364 --- [main] o.hibernate.jpa.internal.util.LogHelper  : HHH000204: Processing PersistenceUnitInfo [
	name: default
	...]
2021-01-11 16:16:41.462  INFO 17364 --- [main] org.hibernate.Version                    : HHH000412: Hibernate Core {5.3.7.Final}
2021-01-11 16:16:41.465  INFO 17364 --- [main] org.hibernate.cfg.Environment            : HHH000206: hibernate.properties not found
2021-01-11 16:16:42.082  INFO 17364 --- [main] o.hibernate.annotations.common.Version   : HCANN000001: Hibernate Commons Annotations {5.0.4.Final}
2021-01-11 16:16:42.612  INFO 17364 --- [main] org.hibernate.dialect.Dialect            : HHH000400: Using dialect: org.hibernate.dialect.MySQL5Dialect
2021-01-11 16:16:44.444  INFO 17364 --- [main] j.LocalContainerEntityManagerFactoryBean : Initialized JPA EntityManagerFactory for persistence unit 'default'
2021-01-11 16:16:46.831  INFO 17364 --- [main] o.s.s.concurrent.ThreadPoolTaskExecutor  : Initializing ExecutorService 'applicationTaskExecutor'
2021-01-11 16:16:47.017  WARN 17364 --- [main] aWebConfiguration$JpaWebMvcConfiguration : spring.jpa.open-in-view is enabled by default. Therefore, database queries may be performed during view rendering. Explicitly configure spring.jpa.open-in-view to disable this warning
2021-01-11 16:16:47.705  INFO 17364 --- [main] o.s.b.w.embedded.tomcat.TomcatWebServer  : Tomcat started on port(s): 8080 (http) with context path ''
2021-01-11 16:16:47.709  INFO 17364 --- [main] g.s.s.waiter.WaiterServiceApplication    : Started WaiterServiceApplication in 13.732 seconds (JVM running for 15.665)
2021-01-11 16:18:05.003  INFO 17364 --- [http-nio-8080-exec-1] o.a.c.c.C.[Tomcat].[localhost].[/]       : Initializing Spring DispatcherServlet 'dispatcherServlet'
2021-01-11 16:18:05.004  INFO 17364 --- [http-nio-8080-exec-1] o.s.web.servlet.DispatcherServlet        : Initializing Servlet 'dispatcherServlet'
2021-01-11 16:18:05.021  INFO 17364 --- [http-nio-8080-exec-1] o.s.web.servlet.DispatcherServlet        : Completed initialization in 17 ms
2021-01-11 16:18:05.214  INFO 17364 --- [http-nio-8080-exec-1] g.s.s.w.controller.CoffeeController      : Coffee Coffee(super=BaseEntity(id=1, createTime=2021-01-11 13:11:50.0, updateTime=2021-01-11 13:11:50.0), name=espresso, price=CNY 20.00):
2021-01-11 16:18:05.807  INFO 17364 --- [http-nio-8080-exec-1] g.s.s.w.c.PerformanceInteceptor          : /coffee/1/;geektime.spring.springbucks.waiter.controller.CoffeeController.getById;200;-;739ms;735ms;4ms
2021-01-11 16:19:57.873  INFO 1944 --- [main] g.s.s.waiter.WaiterServiceApplication    : Starting WaiterServiceApplication on DLC0005TMHJK2D with PID 1944 (started by qi.b.yang in C:\Git_hub\geektime-spring-family\Chapter 6\springbucks)
2021-01-11 16:19:57.881  INFO 1944 --- [main] g.s.s.waiter.WaiterServiceApplication    : No active profile set, falling back to default profiles: default
2021-01-11 16:20:09.625  INFO 1944 --- [main] .s.d.r.c.RepositoryConfigurationDelegate : Bootstrapping Spring Data repositories in DEFAULT mode.
2021-01-11 16:20:09.911  INFO 1944 --- [main] .s.d.r.c.RepositoryConfigurationDelegate : Finished Spring Data repository scanning in 231ms. Found 2 repository interfaces.
2021-01-11 16:20:12.123  INFO 1944 --- [main] trationDelegate$BeanPostProcessorChecker : Bean 'org.springframework.transaction.annotation.ProxyTransactionManagementConfiguration' of type [org.springframework.transaction.annotation.ProxyTransactionManagementConfiguration$$EnhancerBySpringCGLIB$$4b167bc8] is not eligible for getting processed by all BeanPostProcessors (for example: not eligible for auto-proxying)
2021-01-11 16:20:13.619  INFO 1944 --- [main] o.s.b.w.embedded.tomcat.TomcatWebServer  : Tomcat initialized with port(s): 8080 (http)
2021-01-11 16:20:13.678  INFO 1944 --- [main] o.apache.catalina.core.StandardService   : Starting service [Tomcat]
2021-01-11 16:20:13.679  INFO 1944 --- [main] org.apache.catalina.core.StandardEngine  : Starting Servlet engine: [Apache Tomcat/9.0.16]
2021-01-11 16:20:13.706  INFO 1944 --- [main] o.a.catalina.core.AprLifecycleListener   : The APR based Apache Tomcat Native library which allows optimal performance in production environments was not found on the java.library.path: [C:\Program Files (x86)\Java\zulu8.50.0.51-ca-jdk8.0.275-win_x64\bin;C:\windows\Sun\Java\bin;C:\windows\system32;C:\windows;C:\Program Files (x86)\Common Files\Oracle\Java\javapath;C:\windows\system32;C:\windows;C:\windows\System32\Wbem;C:\windows\System32\WindowsPowerShell\v1.0\;C:\windows\System32\OpenSSH\;C:\Program Files (x86)\Symantec\VIP Access Client\;C:\maven\apache-maven-3.6.3\bin\;C:\Program Files (x86)\Java\zulu8.50.0.51-ca-jdk8.0.275-win_x64\bin\;;C:\Program Files\Docker\Docker\resources\bin;C:\ProgramData\DockerDesktop\version-bin;C:\Users\qi.b.yang\AppData\Local\Microsoft\WindowsApps;C:\Users\qi.b.yang\AppData\Local\Programs\Git\cmd;.]
2021-01-11 16:20:14.286  INFO 1944 --- [main] o.a.c.c.C.[Tomcat].[localhost].[/]       : Initializing Spring embedded WebApplicationContext
2021-01-11 16:20:14.287  INFO 1944 --- [main] o.s.web.context.ContextLoader            : Root WebApplicationContext: initialization completed in 16269 ms
2021-01-11 16:20:14.870  INFO 1944 --- [main] com.zaxxer.hikari.HikariDataSource       : HikariPool-1 - Starting...
2021-01-11 16:20:16.208  INFO 1944 --- [main] com.zaxxer.hikari.HikariDataSource       : HikariPool-1 - Start completed.
2021-01-11 16:20:16.558  INFO 1944 --- [main] o.hibernate.jpa.internal.util.LogHelper  : HHH000204: Processing PersistenceUnitInfo [
	name: default
	...]
2021-01-11 16:20:17.014  INFO 1944 --- [main] org.hibernate.Version                    : HHH000412: Hibernate Core {5.3.7.Final}
2021-01-11 16:20:17.023  INFO 1944 --- [main] org.hibernate.cfg.Environment            : HHH000206: hibernate.properties not found
2021-01-11 16:20:17.467  INFO 1944 --- [main] o.hibernate.annotations.common.Version   : HCANN000001: Hibernate Commons Annotations {5.0.4.Final}
2021-01-11 16:20:17.816  INFO 1944 --- [main] org.hibernate.dialect.Dialect            : HHH000400: Using dialect: org.hibernate.dialect.MySQL5Dialect
2021-01-11 16:20:19.512  INFO 1944 --- [main] j.LocalContainerEntityManagerFactoryBean : Initialized JPA EntityManagerFactory for persistence unit 'default'
2021-01-11 16:20:21.275  INFO 1944 --- [main] o.s.s.concurrent.ThreadPoolTaskExecutor  : Initializing ExecutorService 'applicationTaskExecutor'
2021-01-11 16:20:21.388  WARN 1944 --- [main] aWebConfiguration$JpaWebMvcConfiguration : spring.jpa.open-in-view is enabled by default. Therefore, database queries may be performed during view rendering. Explicitly configure spring.jpa.open-in-view to disable this warning
2021-01-11 16:20:21.888  INFO 1944 --- [main] o.s.b.w.embedded.tomcat.TomcatWebServer  : Tomcat started on port(s): 8080 (http) with context path ''
2021-01-11 16:20:21.892  INFO 1944 --- [main] g.s.s.waiter.WaiterServiceApplication    : Started WaiterServiceApplication in 35.868 seconds (JVM running for 39.964)
2021-01-11 16:20:53.222  INFO 1944 --- [http-nio-8080-exec-1] o.a.c.c.C.[Tomcat].[localhost].[/]       : Initializing Spring DispatcherServlet 'dispatcherServlet'
2021-01-11 16:20:53.222  INFO 1944 --- [http-nio-8080-exec-1] o.s.web.servlet.DispatcherServlet        : Initializing Servlet 'dispatcherServlet'
2021-01-11 16:20:53.240  INFO 1944 --- [http-nio-8080-exec-1] o.s.web.servlet.DispatcherServlet        : Completed initialization in 17 ms
2021-01-11 16:21:11.735  INFO 1944 --- [http-nio-8080-exec-1] g.s.s.w.controller.CoffeeController      : Coffee Coffee(super=BaseEntity(id=1, createTime=2021-01-11 13:11:50.0, updateTime=2021-01-11 13:11:50.0), name=espresso, price=CNY 20.00):
2021-01-11 16:21:54.634  WARN 1944 --- [HikariPool-1 housekeeper] com.zaxxer.hikari.pool.HikariPool        : HikariPool-1 - Thread starvation or clock leap detected (housekeeper delta=53s614ms632µs400ns).
2021-01-11 16:21:54.863  INFO 1944 --- [http-nio-8080-exec-1] g.s.s.w.c.PerformanceInteceptor          : /coffee/1/;geektime.spring.springbucks.waiter.controller.CoffeeController.getById;200;-;61546ms;61543ms;3ms
2021-01-11 16:23:06.746  INFO 1944 --- [Thread-3] o.s.s.concurrent.ThreadPoolTaskExecutor  : Shutting down ExecutorService 'applicationTaskExecutor'
2021-01-11 16:23:06.747  INFO 1944 --- [Thread-3] j.LocalContainerEntityManagerFactoryBean : Closing JPA EntityManagerFactory for persistence unit 'default'
2021-01-11 16:23:06.751  INFO 1944 --- [Thread-3] com.zaxxer.hikari.HikariDataSource       : HikariPool-1 - Shutdown initiated...
2021-01-11 16:23:06.802  INFO 1944 --- [Thread-3] com.zaxxer.hikari.HikariDataSource       : HikariPool-1 - Shutdown completed.
